🚀 Sentinel Financial Risk Engine Starting...
Traceback (most recent call last):
  File "/mnt/d/Contests/Hacker's Premier League/src/pathway_app.py", line 111, in <module>
    run_sentinel()
  File "/mnt/d/Contests/Hacker's Premier League/src/pathway_app.py", line 80, in run_sentinel
    enriched = windowed_stats.asof_join(
               ^^^^^^^^^^^^^^^^^^^^^^^^^
  File "/home/user/.local/lib/python3.12/site-packages/pathway/internals/desugaring.py", line 361, in wrapper
    return func(*args, **kwargs)
           ^^^^^^^^^^^^^^^^^^^^^
  File "/home/user/.local/lib/python3.12/site-packages/pathway/internals/arg_handlers.py", line 19, in inner
    return func(*args, **kwargs)
           ^^^^^^^^^^^^^^^^^^^^^
  File "/home/user/.local/lib/python3.12/site-packages/pathway/internals/runtime_type_check.py", line 19, in with_type_validation
    return beartype.beartype(f)(*args, **kwargs)
           ^^^^^^^^^^^^^^^^^^^^^^^^^^^^^^^^^^^^^
  File "<@beartype(pathway.stdlib.temporal._asof_join.asof_join) at 0x7aff102c94e0>", line 206, in asof_join
  File "/home/user/.local/lib/python3.12/site-packages/pathway/internals/trace.py", line 134, in _pathway_trace_marker
    _reraise_with_user_frame(e)
  File "/home/user/.local/lib/python3.12/site-packages/pathway/internals/trace.py", line 110, in _reraise_with_user_frame
    raise e
  File "/home/user/.local/lib/python3.12/site-packages/pathway/stdlib/temporal/_asof_join.py", line 638, in asof_join
    return _asof_join(
           ^^^^^^^^^^^
  File "/home/user/.local/lib/python3.12/site-packages/pathway/stdlib/temporal/_asof_join.py", line 432, in _asof_join
    check_joint_types(
  File "/home/user/.local/lib/python3.12/site-packages/pathway/stdlib/temporal/utils.py", line 79, in check_joint_types
    raise TypeError(
TypeError: Arguments (t_left, t_right) have to be of types (INT, INT) or (FLOAT, FLOAT) or (DATE_TIME_NAIVE, DATE_TIME_NAIVE) or (DATE_TIME_UTC, DATE_TIME_UTC) but are of types (STR, STR).
Occurred here:
    Line: enriched = windowed_stats.asof_join(
    File: /mnt/d/Contests/Hacker's Premier League/src/pathway_app.py:80
/home/user/.local/lib/python3.12/site-packages/pathway/internals/parse_graph.py:248: UserWarning: There are operators in the computation graph that haven't been used. Use pathway.run() (or similar) to run the computation involving these nodes.
  warnings.warn(
