Traceback (most recent call last):
  File "/mnt/d/Contests/Hacker's Premier League/src/pathway_app.py", line 100, in <module>
    run_sentinel()
  File "/mnt/d/Contests/Hacker's Premier League/src/pathway_app.py", line 57, in run_sentinel
    windowed_stats = prices.windowby(
                     ^^^^^^^^^^^^^^^^
  File "/home/user/.local/lib/python3.12/site-packages/pathway/internals/trace.py", line 134, in _pathway_trace_marker
    _reraise_with_user_frame(e)
  File "/home/user/.local/lib/python3.12/site-packages/pathway/internals/trace.py", line 110, in _reraise_with_user_frame
    raise e
  File "/home/user/.local/lib/python3.12/site-packages/pathway/internals/desugaring.py", line 361, in wrapper
    return func(*args, **kwargs)
           ^^^^^^^^^^^^^^^^^^^^^
  File "/home/user/.local/lib/python3.12/site-packages/pathway/internals/arg_handlers.py", line 19, in inner
    return func(*args, **kwargs)
           ^^^^^^^^^^^^^^^^^^^^^
  File "/home/user/.local/lib/python3.12/site-packages/pathway/internals/runtime_type_check.py", line 19, in with_type_validation
    return beartype.beartype(f)(*args, **kwargs)
           ^^^^^^^^^^^^^^^^^^^^^^^^^^^^^^^^^^^^^
  File "<@beartype(pathway.stdlib.temporal._window.windowby) at 0x7fe3af02e340>", line 108, in windowby
  File "/home/user/.local/lib/python3.12/site-packages/pathway/stdlib/temporal/_window.py", line 904, in windowby
    return window._apply(self, time_expr, behavior, instance)
           ^^^^^^^^^^^^^^^^^^^^^^^^^^^^^^^^^^^^^^^^^^^^^^^^^^
  File "/home/user/.local/lib/python3.12/site-packages/pathway/internals/runtime_type_check.py", line 19, in with_type_validation
    return beartype.beartype(f)(*args, **kwargs)
           ^^^^^^^^^^^^^^^^^^^^^^^^^^^^^^^^^^^^^
  File "<@beartype(pathway.stdlib.temporal._window._SlidingWindow._apply) at 0x7fe3af02d080>", line 98, in _apply
  File "/home/user/.local/lib/python3.12/site-packages/pathway/stdlib/temporal/_window.py", line 332, in _apply
    check_joint_types(
  File "/home/user/.local/lib/python3.12/site-packages/pathway/stdlib/temporal/utils.py", line 79, in check_joint_types
    raise TypeError(
TypeError: Arguments (time_expr, window.hop) have to be of types (INT, INT) or (FLOAT, FLOAT) or (DATE_TIME_NAIVE, DURATION) or (DATE_TIME_UTC, DURATION) but are of types (STR, DURATION).
Occurred here:
    Line: windowed_stats = prices.windowby(
    File: /mnt/d/Contests/Hacker's Premier League/src/pathway_app.py:57
/home/user/.local/lib/python3.12/site-packages/pathway/internals/parse_graph.py:248: UserWarning: There are operators in the computation graph that haven't been used. Use pathway.run() (or similar) to run the computation involving these nodes.
  warnings.warn(
